app/build/intermediates/manifest_merge_blame_file/debug/manifest-merger-blame-debug-report.txt
1<?xml version="1.0" encoding="utf-8"?>
2<manifest xmlns:android="http://schemas.android.com/apk/res/android"
3    package="com.example.universalvideodownloader"
4    android:versionCode="1"
5    android:versionName="1.0" >
6
7    <uses-sdk
8        android:minSdkVersion="26"
9        android:targetSdkVersion="34" />
10
11    <uses-permission android:name="android.permission.INTERNET" />
11-->src/main/AndroidManifest.xml:5:5-67
11-->src/main/AndroidManifest.xml:5:22-64
12    <uses-permission android:name="android.permission.ACCESS_NETWORK_STATE" />
12-->src/main/AndroidManifest.xml:6:5-79
12-->src/main/AndroidManifest.xml:6:22-76
13    <!-- For showing notifications when a download finishes -->
14    <uses-permission android:name="android.permission.POST_NOTIFICATIONS" />
14-->src/main/AndroidManifest.xml:8:5-77
14-->src/main/AndroidManifest.xml:8:22-74
15    <uses-permission android:name="android.permission.WAKE_LOCK" />
15-->[androidx.work:work-runtime:2.8.1] AndroidManifest.xml:23:5-68
15-->[androidx.work:work-runtime:2.8.1] AndroidManifest.xml:23:22-65
16    <uses-permission android:name="android.permission.RECEIVE_BOOT_COMPLETED" />
16-->[androidx.work:work-runtime:2.8.1] AndroidManifest.xml:25:5-81
16-->[androidx.work:work-runtime:2.8.1] AndroidManifest.xml:25:22-78
17    <uses-permission android:name="android.permission.FOREGROUND_SERVICE" />
17-->[androidx.work:work-runtime:2.8.1] AndroidManifest.xml:26:5-77
17-->[androidx.work:work-runtime:2.8.1] AndroidManifest.xml:26:22-74
18
19    <permission
19-->[androidx.core:core:1.12.0] AndroidManifest.xml:22:5-24:47
20        android:name="com.example.universalvideodownloader.DYNAMIC_RECEIVER_NOT_EXPORTED_PERMISSION"
20-->[androidx.core:core:1.12.0] AndroidManifest.xml:23:9-81
21        android:protectionLevel="signature" />
21-->[androidx.core:core:1.12.0] AndroidManifest.xml:24:9-44
22
23    <uses-permission android:name="com.example.universalvideodownloader.DYNAMIC_RECEIVER_NOT_EXPORTED_PERMISSION" />
23-->[androidx.core:core:1.12.0] AndroidManifest.xml:26:5-97
23-->[androidx.core:core:1.12.0] AndroidManifest.xml:26:22-94
24
25    <application
25-->src/main/AndroidManifest.xml:10:5-42:19
26        android:name="com.example.universalvideodownloader.UniversalVideoDownloaderApp"
26-->src/main/AndroidManifest.xml:11:9-52
27        android:allowBackup="true"
27-->src/main/AndroidManifest.xml:12:9-35
28        android:appComponentFactory="androidx.core.app.CoreComponentFactory"
28-->[androidx.core:core:1.12.0] AndroidManifest.xml:28:18-86
29        android:debuggable="true"
30        android:extractNativeLibs="false"
31        android:icon="@drawable/ic_launcher"
31-->src/main/AndroidManifest.xml:13:9-45
32        android:label="@string/app_name"
32-->src/main/AndroidManifest.xml:14:9-41
33        android:roundIcon="@drawable/ic_launcher"
33-->src/main/AndroidManifest.xml:15:9-50
34        android:supportsRtl="true"
34-->src/main/AndroidManifest.xml:16:9-35
35        android:theme="@style/Theme.UniversalVideoDownloader"
35-->src/main/AndroidManifest.xml:17:9-62
36        android:usesCleartextTraffic="true" >
36-->src/main/AndroidManifest.xml:18:9-44
37
38        <!-- App Startup Provider for WorkManager Custom Configuration if needed -->
39        <provider
40            android:name="androidx.startup.InitializationProvider"
40-->src/main/AndroidManifest.xml:23:13-67
41            android:authorities="com.example.universalvideodownloader.androidx-startup"
41-->src/main/AndroidManifest.xml:24:13-68
42            android:exported="false" >
42-->src/main/AndroidManifest.xml:25:13-37
43            <meta-data
43-->[androidx.emoji2:emoji2:1.4.0] AndroidManifest.xml:29:13-31:52
44                android:name="androidx.emoji2.text.EmojiCompatInitializer"
44-->[androidx.emoji2:emoji2:1.4.0] AndroidManifest.xml:30:17-75
45                android:value="androidx.startup" />
45-->[androidx.emoji2:emoji2:1.4.0] AndroidManifest.xml:31:17-49
46            <meta-data
46-->[androidx.lifecycle:lifecycle-process:2.6.2] AndroidManifest.xml:29:13-31:52
47                android:name="androidx.lifecycle.ProcessLifecycleInitializer"
47-->[androidx.lifecycle:lifecycle-process:2.6.2] AndroidManifest.xml:30:17-78
48                android:value="androidx.startup" />
48-->[androidx.lifecycle:lifecycle-process:2.6.2] AndroidManifest.xml:31:17-49
49            <meta-data
49-->[androidx.profileinstaller:profileinstaller:1.3.0] AndroidManifest.xml:29:13-31:52
50                android:name="androidx.profileinstaller.ProfileInstallerInitializer"
50-->[androidx.profileinstaller:profileinstaller:1.3.0] AndroidManifest.xml:30:17-85
51                android:value="androidx.startup" />
51-->[androidx.profileinstaller:profileinstaller:1.3.0] AndroidManifest.xml:31:17-49
52        </provider>
53
54        <activity
54-->src/main/AndroidManifest.xml:33:9-41:20
55            android:name="com.example.universalvideodownloader.MainActivity"
55-->src/main/AndroidManifest.xml:34:13-41
56            android:exported="true"
56-->src/main/AndroidManifest.xml:35:13-36
57            android:theme="@style/Theme.UniversalVideoDownloader" >
57-->src/main/AndroidManifest.xml:36:13-66
58            <intent-filter>
58-->src/main/AndroidManifest.xml:37:13-40:29
59                <action android:name="android.intent.action.MAIN" />
59-->src/main/AndroidManifest.xml:38:17-69
59-->src/main/AndroidManifest.xml:38:25-66
60
61                <category android:name="android.intent.category.LAUNCHER" />
61-->src/main/AndroidManifest.xml:39:17-77
61-->src/main/AndroidManifest.xml:39:27-74
62            </intent-filter>
63        </activity>
64
65        <service
65-->[androidx.work:work-runtime:2.8.1] AndroidManifest.xml:39:9-45:35
66            android:name="androidx.work.impl.background.systemalarm.SystemAlarmService"
66-->[androidx.work:work-runtime:2.8.1] AndroidManifest.xml:40:13-88
67            android:directBootAware="false"
67-->[androidx.work:work-runtime:2.8.1] AndroidManifest.xml:41:13-44
68            android:enabled="@bool/enable_system_alarm_service_default"
68-->[androidx.work:work-runtime:2.8.1] AndroidManifest.xml:42:13-72
69            android:exported="false" />
69-->[androidx.work:work-runtime:2.8.1] AndroidManifest.xml:43:13-37
70        <service
70-->[androidx.work:work-runtime:2.8.1] AndroidManifest.xml:46:9-52:35
71            android:name="androidx.work.impl.background.systemjob.SystemJobService"
71-->[androidx.work:work-runtime:2.8.1] AndroidManifest.xml:47:13-84
72            android:directBootAware="false"
72-->[androidx.work:work-runtime:2.8.1] AndroidManifest.xml:48:13-44
73            android:enabled="@bool/enable_system_job_service_default"
73-->[androidx.work:work-runtime:2.8.1] AndroidManifest.xml:49:13-70
74            android:exported="true"
74-->[androidx.work:work-runtime:2.8.1] AndroidManifest.xml:50:13-36
75            android:permission="android.permission.BIND_JOB_SERVICE" />
75-->[androidx.work:work-runtime:2.8.1] AndroidManifest.xml:51:13-69
76        <service
76-->[androidx.work:work-runtime:2.8.1] AndroidManifest.xml:53:9-59:35
77            android:name="androidx.work.impl.foreground.SystemForegroundService"
77-->[androidx.work:work-runtime:2.8.1] AndroidManifest.xml:54:13-81
78            android:directBootAware="false"
78-->[androidx.work:work-runtime:2.8.1] AndroidManifest.xml:55:13-44
79            android:enabled="@bool/enable_system_foreground_service_default"
79-->[androidx.work:work-runtime:2.8.1] AndroidManifest.xml:56:13-77
80            android:exported="false" />
80-->[androidx.work:work-runtime:2.8.1] AndroidManifest.xml:57:13-37
81
82        <receiver
82-->[androidx.work:work-runtime:2.8.1] AndroidManifest.xml:61:9-66:35
83            android:name="androidx.work.impl.utils.ForceStopRunnable$BroadcastReceiver"
83-->[androidx.work:work-runtime:2.8.1] AndroidManifest.xml:62:13-88
84            android:directBootAware="false"
84-->[androidx.work:work-runtime:2.8.1] AndroidManifest.xml:63:13-44
85            android:enabled="true"
85-->[androidx.work:work-runtime:2.8.1] AndroidManifest.xml:64:13-35
86            android:exported="false" />
86-->[androidx.work:work-runtime:2.8.1] AndroidManifest.xml:65:13-37
87        <receiver
87-->[androidx.work:work-runtime:2.8.1] AndroidManifest.xml:67:9-77:20
88            android:name="androidx.work.impl.background.systemalarm.ConstraintProxy$BatteryChargingProxy"
88-->[androidx.work:work-runtime:2.8.1] AndroidManifest.xml:68:13-106
89            android:directBootAware="false"
89-->[androidx.work:work-runtime:2.8.1] AndroidManifest.xml:69:13-44
90            android:enabled="false"
90-->[androidx.work:work-runtime:2.8.1] AndroidManifest.xml:70:13-36
91            android:exported="false" >
91-->[androidx.work:work-runtime:2.8.1] AndroidManifest.xml:71:13-37
92            <intent-filter>
92-->[androidx.work:work-runtime:2.8.1] AndroidManifest.xml:73:13-76:29
93                <action android:name="android.intent.action.ACTION_POWER_CONNECTED" />
93-->[androidx.work:work-runtime:2.8.1] AndroidManifest.xml:74:17-87
93-->[androidx.work:work-runtime:2.8.1] AndroidManifest.xml:74:25-84
94                <action android:name="android.intent.action.ACTION_POWER_DISCONNECTED" />
94-->[androidx.work:work-runtime:2.8.1] AndroidManifest.xml:75:17-90
94-->[androidx.work:work-runtime:2.8.1] AndroidManifest.xml:75:25-87
95            </intent-filter>
96        </receiver>
97        <receiver
97-->[androidx.work:work-runtime:2.8.1] AndroidManifest.xml:78:9-88:20
98            android:name="androidx.work.impl.background.systemalarm.ConstraintProxy$BatteryNotLowProxy"
98-->[androidx.work:work-runtime:2.8.1] AndroidManifest.xml:79:13-104
99            android:directBootAware="false"
99-->[androidx.work:work-runtime:2.8.1] AndroidManifest.xml:80:13-44
100            android:enabled="false"
100-->[androidx.work:work-runtime:2.8.1] AndroidManifest.xml:81:13-36
101            android:exported="false" >
101-->[androidx.work:work-runtime:2.8.1] AndroidManifest.xml:82:13-37
102            <intent-filter>
102-->[androidx.work:work-runtime:2.8.1] AndroidManifest.xml:84:13-87:29
103                <action android:name="android.intent.action.BATTERY_OKAY" />
103-->[androidx.work:work-runtime:2.8.1] AndroidManifest.xml:85:17-77
103-->[androidx.work:work-runtime:2.8.1] AndroidManifest.xml:85:25-74
104                <action android:name="android.intent.action.BATTERY_LOW" />
104-->[androidx.work:work-runtime:2.8.1] AndroidManifest.xml:86:17-76
104-->[androidx.work:work-runtime:2.8.1] AndroidManifest.xml:86:25-73
105            </intent-filter>
106        </receiver>
107        <receiver
107-->[androidx.work:work-runtime:2.8.1] AndroidManifest.xml:89:9-99:20
108            android:name="androidx.work.impl.background.systemalarm.ConstraintProxy$StorageNotLowProxy"
108-->[androidx.work:work-runtime:2.8.1] AndroidManifest.xml:90:13-104
109            android:directBootAware="false"
109-->[androidx.work:work-runtime:2.8.1] AndroidManifest.xml:91:13-44
110            android:enabled="false"
110-->[androidx.work:work-runtime:2.8.1] AndroidManifest.xml:92:13-36
111            android:exported="false" >
111-->[androidx.work:work-runtime:2.8.1] AndroidManifest.xml:93:13-37
112            <intent-filter>
112-->[androidx.work:work-runtime:2.8.1] AndroidManifest.xml:95:13-98:29
113                <action android:name="android.intent.action.DEVICE_STORAGE_LOW" />
113-->[androidx.work:work-runtime:2.8.1] AndroidManifest.xml:96:17-83
113-->[androidx.work:work-runtime:2.8.1] AndroidManifest.xml:96:25-80
114                <action android:name="android.intent.action.DEVICE_STORAGE_OK" />
114-->[androidx.work:work-runtime:2.8.1] AndroidManifest.xml:97:17-82
114-->[androidx.work:work-runtime:2.8.1] AndroidManifest.xml:97:25-79
115            </intent-filter>
116        </receiver>
117        <receiver
117-->[androidx.work:work-runtime:2.8.1] AndroidManifest.xml:100:9-109:20
118            android:name="androidx.work.impl.background.systemalarm.ConstraintProxy$NetworkStateProxy"
118-->[androidx.work:work-runtime:2.8.1] AndroidManifest.xml:101:13-103
119            android:directBootAware="false"
119-->[androidx.work:work-runtime:2.8.1] AndroidManifest.xml:102:13-44
120            android:enabled="false"
120-->[androidx.work:work-runtime:2.8.1] AndroidManifest.xml:103:13-36
121            android:exported="false" >
121-->[androidx.work:work-runtime:2.8.1] AndroidManifest.xml:104:13-37
122            <intent-filter>
122-->[androidx.work:work-runtime:2.8.1] AndroidManifest.xml:106:13-108:29
123                <action android:name="android.net.conn.CONNECTIVITY_CHANGE" />
123-->[androidx.work:work-runtime:2.8.1] AndroidManifest.xml:107:17-79
123-->[androidx.work:work-runtime:2.8.1] AndroidManifest.xml:107:25-76
124            </intent-filter>
125        </receiver>
126        <receiver
126-->[androidx.work:work-runtime:2.8.1] AndroidManifest.xml:110:9-121:20
127            android:name="androidx.work.impl.background.systemalarm.RescheduleReceiver"
127-->[androidx.work:work-runtime:2.8.1] AndroidManifest.xml:111:13-88
128            android:directBootAware="false"
128-->[androidx.work:work-runtime:2.8.1] AndroidManifest.xml:112:13-44
129            android:enabled="false"
129-->[androidx.work:work-runtime:2.8.1] AndroidManifest.xml:113:13-36
130            android:exported="false" >
130-->[androidx.work:work-runtime:2.8.1] AndroidManifest.xml:114:13-37
131            <intent-filter>
131-->[androidx.work:work-runtime:2.8.1] AndroidManifest.xml:116:13-120:29
132                <action android:name="android.intent.action.BOOT_COMPLETED" />
132-->[androidx.work:work-runtime:2.8.1] AndroidManifest.xml:117:17-79
132-->[androidx.work:work-runtime:2.8.1] AndroidManifest.xml:117:25-76
133                <action android:name="android.intent.action.TIME_SET" />
133-->[androidx.work:work-runtime:2.8.1] AndroidManifest.xml:118:17-73
133-->[androidx.work:work-runtime:2.8.1] AndroidManifest.xml:118:25-70
134                <action android:name="android.intent.action.TIMEZONE_CHANGED" />
134-->[androidx.work:work-runtime:2.8.1] AndroidManifest.xml:119:17-81
134-->[androidx.work:work-runtime:2.8.1] AndroidManifest.xml:119:25-78
135            </intent-filter>
136        </receiver>
137        <receiver
137-->[androidx.work:work-runtime:2.8.1] AndroidManifest.xml:122:9-131:20
138            android:name="androidx.work.impl.background.systemalarm.ConstraintProxyUpdateReceiver"
138-->[androidx.work:work-runtime:2.8.1] AndroidManifest.xml:123:13-99
139            android:directBootAware="false"
139-->[androidx.work:work-runtime:2.8.1] AndroidManifest.xml:124:13-44
140            android:enabled="@bool/enable_system_alarm_service_default"
140-->[androidx.work:work-runtime:2.8.1] AndroidManifest.xml:125:13-72
141            android:exported="false" >
141-->[androidx.work:work-runtime:2.8.1] AndroidManifest.xml:126:13-37
142            <intent-filter>
142-->[androidx.work:work-runtime:2.8.1] AndroidManifest.xml:128:13-130:29
143                <action android:name="androidx.work.impl.background.systemalarm.UpdateProxies" />
143-->[androidx.work:work-runtime:2.8.1] AndroidManifest.xml:129:17-98
143-->[androidx.work:work-runtime:2.8.1] AndroidManifest.xml:129:25-95
144            </intent-filter>
145        </receiver>
146        <receiver
146-->[androidx.work:work-runtime:2.8.1] AndroidManifest.xml:132:9-142:20
147            android:name="androidx.work.impl.diagnostics.DiagnosticsReceiver"
147-->[androidx.work:work-runtime:2.8.1] AndroidManifest.xml:133:13-78
148            android:directBootAware="false"
148-->[androidx.work:work-runtime:2.8.1] AndroidManifest.xml:134:13-44
149            android:enabled="true"
149-->[androidx.work:work-runtime:2.8.1] AndroidManifest.xml:135:13-35
150            android:exported="true"
150-->[androidx.work:work-runtime:2.8.1] AndroidManifest.xml:136:13-36
151            android:permission="android.permission.DUMP" >
151-->[androidx.work:work-runtime:2.8.1] AndroidManifest.xml:137:13-57
152            <intent-filter>
152-->[androidx.work:work-runtime:2.8.1] AndroidManifest.xml:139:13-141:29
153                <action android:name="androidx.work.diagnostics.REQUEST_DIAGNOSTICS" />
153-->[androidx.work:work-runtime:2.8.1] AndroidManifest.xml:140:17-88
153-->[androidx.work:work-runtime:2.8.1] AndroidManifest.xml:140:25-85
154            </intent-filter>
155        </receiver>
156
157        <service
157-->[androidx.room:room-runtime:2.6.0] AndroidManifest.xml:24:9-28:63
158            android:name="androidx.room.MultiInstanceInvalidationService"
158-->[androidx.room:room-runtime:2.6.0] AndroidManifest.xml:25:13-74
159            android:directBootAware="true"
159-->[androidx.room:room-runtime:2.6.0] AndroidManifest.xml:26:13-43
160            android:exported="false" />
160-->[androidx.room:room-runtime:2.6.0] AndroidManifest.xml:27:13-37
161
162        <activity
162-->[androidx.compose.ui:ui-tooling-android:1.5.4] AndroidManifest.xml:23:9-25:39
163            android:name="androidx.compose.ui.tooling.PreviewActivity"
163-->[androidx.compose.ui:ui-tooling-android:1.5.4] AndroidManifest.xml:24:13-71
164            android:exported="true" />
164-->[androidx.compose.ui:ui-tooling-android:1.5.4] AndroidManifest.xml:25:13-36
165        <activity
165-->[androidx.compose.ui:ui-test-manifest:1.5.4] AndroidManifest.xml:23:9-25:39
166            android:name="androidx.activity.ComponentActivity"
166-->[androidx.compose.ui:ui-test-manifest:1.5.4] AndroidManifest.xml:24:13-63
167            android:exported="true" />
167-->[androidx.compose.ui:ui-test-manifest:1.5.4] AndroidManifest.xml:25:13-36
168
169        <receiver
169-->[androidx.profileinstaller:profileinstaller:1.3.0] AndroidManifest.xml:34:9-52:20
170            android:name="androidx.profileinstaller.ProfileInstallReceiver"
170-->[androidx.profileinstaller:profileinstaller:1.3.0] AndroidManifest.xml:35:13-76
171            android:directBootAware="false"
171-->[androidx.profileinstaller:profileinstaller:1.3.0] AndroidManifest.xml:36:13-44
172            android:enabled="true"
172-->[androidx.profileinstaller:profileinstaller:1.3.0] AndroidManifest.xml:37:13-35
173            android:exported="true"
173-->[androidx.profileinstaller:profileinstaller:1.3.0] AndroidManifest.xml:38:13-36
174            android:permission="android.permission.DUMP" >
174-->[androidx.profileinstaller:profileinstaller:1.3.0] AndroidManifest.xml:39:13-57
175            <intent-filter>
175-->[androidx.profileinstaller:profileinstaller:1.3.0] AndroidManifest.xml:40:13-42:29
176                <action android:name="androidx.profileinstaller.action.INSTALL_PROFILE" />
176-->[androidx.profileinstaller:profileinstaller:1.3.0] AndroidManifest.xml:41:17-91
176-->[androidx.profileinstaller:profileinstaller:1.3.0] AndroidManifest.xml:41:25-88
177            </intent-filter>
178            <intent-filter>
178-->[androidx.profileinstaller:profileinstaller:1.3.0] AndroidManifest.xml:43:13-45:29
179                <action android:name="androidx.profileinstaller.action.SKIP_FILE" />
179-->[androidx.profileinstaller:profileinstaller:1.3.0] AndroidManifest.xml:44:17-85
179-->[androidx.profileinstaller:profileinstaller:1.3.0] AndroidManifest.xml:44:25-82
180            </intent-filter>
181            <intent-filter>
181-->[androidx.profileinstaller:profileinstaller:1.3.0] AndroidManifest.xml:46:13-48:29
182                <action android:name="androidx.profileinstaller.action.SAVE_PROFILE" />
182-->[androidx.profileinstaller:profileinstaller:1.3.0] AndroidManifest.xml:47:17-88
182-->[androidx.profileinstaller:profileinstaller:1.3.0] AndroidManifest.xml:47:25-85
183            </intent-filter>
184            <intent-filter>
184-->[androidx.profileinstaller:profileinstaller:1.3.0] AndroidManifest.xml:49:13-51:29
185                <action android:name="androidx.profileinstaller.action.BENCHMARK_OPERATION" />
185-->[androidx.profileinstaller:profileinstaller:1.3.0] AndroidManifest.xml:50:17-95
185-->[androidx.profileinstaller:profileinstaller:1.3.0] AndroidManifest.xml:50:25-92
186            </intent-filter>
187        </receiver>
188    </application>
189
190</manifest>